News Log
Map
Vulteria Godbook
Unit
Herb
Herb
Potion
Locator
Video Locator
Relocator
Diamond
Ruby
Emerald
Sapphire
Crown of Hope
Crown of Despair
Oxygen Bulb
Incense
Amulet
Powder Flash
Personal Transporter
Magnetic Cane
Blizzard Stone
Inferno Stone
Hurricane Stone
Iron Key
Bronze Key
Copper Key
Stone Key
Minecar Lock Descrambler
Broken Clock
Golden Tear
Ruby Tear
Sapphire Tear
Crystal Tear
Rainbow Tear
Prismatic Tear
Infinity Tear
Blood of the Chameleon
Cursed Necklace
Lion Emblem
Bottle of Ale
Debug Kit
Bard's Harp
Apple
Enchanted Coffer
Vial of Elixir
Dagger
Flail
Eagle Knife
Short Sword
Longsword
Samurai Sword
Stonefall Blade
Breezeblade
Electric Blade
Sulfur Blade
Dwarven Handaxe
Prism Lance
Dark Cipher
Golden Scepter
Blazen Scepter
Staff of Snow
Boulder Wand
Variant Blade
Shatterspear
Changeling Blade
Leather Jerkin
Eagle Vest
Air Plate
Golden Mail
Neglifian Suit
Samurai Suit
Heavy Tortoise Shell
Inferno Plate
Frost Plate
Bubblemail
Labyrinth Vest
Blessed Aura
Changeling Mail
